<?xml version="1.0" encoding="UTF-8"?>
<!-- Generated by org.testng.reporters.JUnitXMLReporter -->
<testsuite ignored="0" hostname="DESKTOP-3K4HH4T" failures="0" tests="5" name="Default test" time="276.785" errors="0" timestamp="2022-04-25T15:16:10 IST">
  <testcase classname="ITCStore_Project.ITCStore_Modules" name="modules1" time="37.797"/>
  <testcase classname="ITCStore_Project.ITCStore_Modules" name="modules2" time="47.596"/>
  <testcase classname="ITCStore_Project.ITCStore_Modules" name="modules3" time="59.155"/>
  <testcase classname="ITCStore_Project.ITCStore_Modules" name="modules4" time="98.027"/>
  <testcase classname="ITCStore_Project.ITCStore_Modules" name="modules5" time="27.46"/>
</testsuite> <!-- Default test -->
