<?xml version="1.0" encoding="UTF-8"?>
<testng-results ignored="0" total="5" passed="5" failed="0" skipped="0">
  <reporter-output>
  </reporter-output>
  <suite started-at="2022-04-25T15:11:33 IST" name="Default suite" finished-at="2022-04-25T15:16:10 IST" duration-ms="276785">
    <groups>
    </groups>
    <test started-at="2022-04-25T15:11:33 IST" name="Default test" finished-at="2022-04-25T15:16:10 IST" duration-ms="276785">
      <class name="ITCStore_Project.ITCStore_Modules">
        <test-method is-config="true" signature="beforeTest()[pri:0, instance:ITCStore_Project.ITCStore_Modules@5a45133e]" started-at="2022-04-25T15:11:33 IST" name="beforeTest" finished-at="2022-04-25T15:11:39 IST" duration-ms="6176" status="PASS">
          <reporter-output>
          </reporter-output>
        </test-method> <!-- beforeTest -->
        <test-method signature="modules1()[pri:1, instance:ITCStore_Project.ITCStore_Modules@5a45133e]" started-at="2022-04-25T15:11:39 IST" name="modules1" finished-at="2022-04-25T15:12:17 IST" duration-ms="37797" status="PASS">
          <reporter-output>
          </reporter-output>
        </test-method> <!-- modules1 -->
        <test-method signature="modules2()[pri:2, instance:ITCStore_Project.ITCStore_Modules@5a45133e]" started-at="2022-04-25T15:12:17 IST" name="modules2" finished-at="2022-04-25T15:13:05 IST" duration-ms="47596" status="PASS">
          <reporter-output>
          </reporter-output>
        </test-method> <!-- modules2 -->
        <test-method signature="modules3()[pri:3, instance:ITCStore_Project.ITCStore_Modules@5a45133e]" started-at="2022-04-25T15:13:05 IST" name="modules3" finished-at="2022-04-25T15:14:04 IST" duration-ms="59155" status="PASS">
          <reporter-output>
          </reporter-output>
        </test-method> <!-- modules3 -->
        <test-method signature="modules4()[pri:4, instance:ITCStore_Project.ITCStore_Modules@5a45133e]" started-at="2022-04-25T15:14:04 IST" name="modules4" finished-at="2022-04-25T15:15:42 IST" duration-ms="98027" status="PASS">
          <reporter-output>
          </reporter-output>
        </test-method> <!-- modules4 -->
        <test-method signature="modules5()[pri:5, instance:ITCStore_Project.ITCStore_Modules@5a45133e]" started-at="2022-04-25T15:15:42 IST" name="modules5" finished-at="2022-04-25T15:16:09 IST" duration-ms="27460" status="PASS">
          <reporter-output>
          </reporter-output>
        </test-method> <!-- modules5 -->
        <test-method is-config="true" signature="afterTest()[pri:0, instance:ITCStore_Project.ITCStore_Modules@5a45133e]" started-at="2022-04-25T15:16:09 IST" name="afterTest" finished-at="2022-04-25T15:16:10 IST" duration-ms="468" status="PASS">
          <reporter-output>
          </reporter-output>
        </test-method> <!-- afterTest -->
      </class> <!-- ITCStore_Project.ITCStore_Modules -->
    </test> <!-- Default test -->
  </suite> <!-- Default suite -->
</testng-results>
